1765603978.101305 client started (1512272): version 3.4, socket /tmp/tmux-1000/default, protocol 8
1765603978.101334 on Linux 6.14.0-36-generic #36~24.04.1-Ubuntu SMP PREEMPT_DYNAMIC Wed Oct 15 15:45:17 UTC 2
1765603978.101339 using libevent 2.1.12-stable poll
1765603978.101343 using ncurses 6.4 20240113
1765603978.101361 flags are 0x18010000
1765603978.101378 socket is /tmp/tmux-1000/default
1765603978.101392 trying connect
1765603978.101410 connect failed: No such file or directory
1765603978.101420 lock file is /tmp/tmux-1000/default.lock
1765603978.101445 flock succeeded
1765603978.101448 got lock (6)
1765603978.101454 trying connect
1765603978.101461 connect failed: No such file or directory
1765603978.101810 add peer 0x5cf91444f400: 7 ((nil))
1765603978.102346 sending message 100 to peer 0x5cf91444f400 (4 bytes)
1765603978.102354 sending message 111 to peer 0x5cf91444f400 (8 bytes)
1765603978.102359 sending message 101 to peer 0x5cf91444f400 (15 bytes)
1765603978.102362 sending message 109 to peer 0x5cf91444f400 (4 bytes)
1765603978.102366 sending message 102 to peer 0x5cf91444f400 (11 bytes)
1765603978.102373 sending message 108 to peer 0x5cf91444f400 (36 bytes)
1765603978.102377 sending message 112 to peer 0x5cf91444f400 (58 bytes)
1765603978.102380 sending message 112 to peer 0x5cf91444f400 (5 bytes)
1765603978.102383 sending message 112 to peer 0x5cf91444f400 (5 bytes)
1765603978.102386 sending message 112 to peer 0x5cf91444f400 (6 bytes)
1765603978.102389 sending message 112 to peer 0x5cf91444f400 (6 bytes)
1765603978.102392 sending message 112 to peer 0x5cf91444f400 (11 bytes)
1765603978.102396 sending message 112 to peer 0x5cf91444f400 (10 bytes)
1765603978.102399 sending message 112 to peer 0x5cf91444f400 (13 bytes)
1765603978.102402 sending message 112 to peer 0x5cf91444f400 (14 bytes)
1765603978.102405 sending message 112 to peer 0x5cf91444f400 (19 bytes)
1765603978.102408 sending message 112 to peer 0x5cf91444f400 (11 bytes)
1765603978.102411 sending message 112 to peer 0x5cf91444f400 (10 bytes)
1765603978.102414 sending message 112 to peer 0x5cf91444f400 (15 bytes)
1765603978.102417 sending message 112 to peer 0x5cf91444f400 (21 bytes)
1765603978.102420 sending message 112 to peer 0x5cf91444f400 (13 bytes)
1765603978.102423 sending message 112 to peer 0x5cf91444f400 (7 bytes)
1765603978.102426 sending message 112 to peer 0x5cf91444f400 (13 bytes)
1765603978.102429 sending message 112 to peer 0x5cf91444f400 (7 bytes)
1765603978.102432 sending message 112 to peer 0x5cf91444f400 (13 bytes)
1765603978.102435 sending message 112 to peer 0x5cf91444f400 (9 bytes)
1765603978.102438 sending message 112 to peer 0x5cf91444f400 (21 bytes)
1765603978.102441 sending message 112 to peer 0x5cf91444f400 (13 bytes)
1765603978.102444 sending message 112 to peer 0x5cf91444f400 (9 bytes)
1765603978.102447 sending message 112 to peer 0x5cf91444f400 (16 bytes)
1765603978.102450 sending message 112 to peer 0x5cf91444f400 (13 bytes)
1765603978.102453 sending message 112 to peer 0x5cf91444f400 (9 bytes)
1765603978.102456 sending message 112 to peer 0x5cf91444f400 (9 bytes)
1765603978.102459 sending message 112 to peer 0x5cf91444f400 (12 bytes)
1765603978.102462 sending message 112 to peer 0x5cf91444f400 (8 bytes)
1765603978.102465 sending message 112 to peer 0x5cf91444f400 (8 bytes)
1765603978.102468 sending message 112 to peer 0x5cf91444f400 (13 bytes)
1765603978.102471 sending message 112 to peer 0x5cf91444f400 (7 bytes)
1765603978.102474 sending message 112 to peer 0x5cf91444f400 (7 bytes)
1765603978.102477 sending message 112 to peer 0x5cf91444f400 (9 bytes)
1765603978.102480 sending message 112 to peer 0x5cf91444f400 (9 bytes)
1765603978.102483 sending message 112 to peer 0x5cf91444f400 (15 bytes)
1765603978.102486 sending message 112 to peer 0x5cf91444f400 (13 bytes)
1765603978.102489 sending message 112 to peer 0x5cf91444f400 (12 bytes)
1765603978.102492 sending message 112 to peer 0x5cf91444f400 (8 bytes)
1765603978.102495 sending message 112 to peer 0x5cf91444f400 (14 bytes)
1765603978.102498 sending message 112 to peer 0x5cf91444f400 (11 bytes)
1765603978.102510 sending message 112 to peer 0x5cf91444f400 (9 bytes)
1765603978.102514 sending message 112 to peer 0x5cf91444f400 (10 bytes)
1765603978.102517 sending message 112 to peer 0x5cf91444f400 (10 bytes)
1765603978.102520 sending message 112 to peer 0x5cf91444f400 (10 bytes)
1765603978.102523 sending message 112 to peer 0x5cf91444f400 (10 bytes)
1765603978.102526 sending message 112 to peer 0x5cf91444f400 (11 bytes)
1765603978.102529 sending message 112 to peer 0x5cf91444f400 (12 bytes)
1765603978.102532 sending message 112 to peer 0x5cf91444f400 (12 bytes)
1765603978.102535 sending message 112 to peer 0x5cf91444f400 (12 bytes)
1765603978.102538 sending message 112 to peer 0x5cf91444f400 (12 bytes)
1765603978.102541 sending message 112 to peer 0x5cf91444f400 (12 bytes)
1765603978.102544 sending message 112 to peer 0x5cf91444f400 (11 bytes)
1765603978.102547 sending message 112 to peer 0x5cf91444f400 (11 bytes)
1765603978.102550 sending message 112 to peer 0x5cf91444f400 (12 bytes)
1765603978.102553 sending message 112 to peer 0x5cf91444f400 (12 bytes)
1765603978.102556 sending message 112 to peer 0x5cf91444f400 (12 bytes)
1765603978.102559 sending message 112 to peer 0x5cf91444f400 (12 bytes)
1765603978.102562 sending message 112 to peer 0x5cf91444f400 (12 bytes)
1765603978.102565 sending message 112 to peer 0x5cf91444f400 (9 bytes)
1765603978.102568 sending message 112 to peer 0x5cf91444f400 (12 bytes)
1765603978.102571 sending message 112 to peer 0x5cf91444f400 (13 bytes)
1765603978.102574 sending message 112 to peer 0x5cf91444f400 (13 bytes)
1765603978.102577 sending message 112 to peer 0x5cf91444f400 (13 bytes)
1765603978.102580 sending message 112 to peer 0x5cf91444f400 (13 bytes)
1765603978.102583 sending message 112 to peer 0x5cf91444f400 (13 bytes)
1765603978.102586 sending message 112 to peer 0x5cf91444f400 (8 bytes)
1765603978.102589 sending message 112 to peer 0x5cf91444f400 (11 bytes)
1765603978.102592 sending message 112 to peer 0x5cf91444f400 (11 bytes)
1765603978.102595 sending message 112 to peer 0x5cf91444f400 (11 bytes)
1765603978.102598 sending message 112 to peer 0x5cf91444f400 (12 bytes)
1765603978.102601 sending message 112 to peer 0x5cf91444f400 (12 bytes)
1765603978.102604 sending message 112 to peer 0x5cf91444f400 (12 bytes)
1765603978.102607 sending message 112 to peer 0x5cf91444f400 (12 bytes)
1765603978.102610 sending message 112 to peer 0x5cf91444f400 (13 bytes)
1765603978.102613 sending message 112 to peer 0x5cf91444f400 (13 bytes)
1765603978.102616 sending message 112 to peer 0x5cf91444f400 (13 bytes)
1765603978.102619 sending message 112 to peer 0x5cf91444f400 (8 bytes)
1765603978.102622 sending message 112 to peer 0x5cf91444f400 (13 bytes)
1765603978.102625 sending message 112 to peer 0x5cf91444f400 (13 bytes)
1765603978.102628 sending message 112 to peer 0x5cf91444f400 (13 bytes)
1765603978.102631 sending message 112 to peer 0x5cf91444f400 (13 bytes)
1765603978.102634 sending message 112 to peer 0x5cf91444f400 (13 bytes)
1765603978.102637 sending message 112 to peer 0x5cf91444f400 (12 bytes)
1765603978.102639 sending message 112 to peer 0x5cf91444f400 (12 bytes)
1765603978.102643 sending message 112 to peer 0x5cf91444f400 (12 bytes)
1765603978.102646 sending message 112 to peer 0x5cf91444f400 (12 bytes)
1765603978.102649 sending message 112 to peer 0x5cf91444f400 (13 bytes)
1765603978.102652 sending message 112 to peer 0x5cf91444f400 (8 bytes)
1765603978.102655 sending message 112 to peer 0x5cf91444f400 (13 bytes)
1765603978.102658 sending message 112 to peer 0x5cf91444f400 (13 bytes)
1765603978.102661 sending message 112 to peer 0x5cf91444f400 (13 bytes)
1765603978.102664 sending message 112 to peer 0x5cf91444f400 (13 bytes)
1765603978.102667 sending message 112 to peer 0x5cf91444f400 (13 bytes)
1765603978.102670 sending message 112 to peer 0x5cf91444f400 (13 bytes)
1765603978.102673 sending message 112 to peer 0x5cf91444f400 (13 bytes)
1765603978.102676 sending message 112 to peer 0x5cf91444f400 (12 bytes)
1765603978.102679 sending message 112 to peer 0x5cf91444f400 (12 bytes)
1765603978.102685 sending message 112 to peer 0x5cf91444f400 (12 bytes)
1765603978.102688 sending message 112 to peer 0x5cf91444f400 (8 bytes)
1765603978.102691 sending message 112 to peer 0x5cf91444f400 (12 bytes)
1765603978.102694 sending message 112 to peer 0x5cf91444f400 (13 bytes)
1765603978.102697 sending message 112 to peer 0x5cf91444f400 (13 bytes)
1765603978.102700 sending message 112 to peer 0x5cf91444f400 (13 bytes)
1765603978.102703 sending message 112 to peer 0x5cf91444f400 (13 bytes)
1765603978.102706 sending message 112 to peer 0x5cf91444f400 (13 bytes)
1765603978.102709 sending message 112 to peer 0x5cf91444f400 (13 bytes)
1765603978.102712 sending message 112 to peer 0x5cf91444f400 (13 bytes)
1765603978.102715 sending message 112 to peer 0x5cf91444f400 (13 bytes)
1765603978.102718 sending message 112 to peer 0x5cf91444f400 (12 bytes)
1765603978.102736 sending message 112 to peer 0x5cf91444f400 (10 bytes)
1765603978.102739 sending message 112 to peer 0x5cf91444f400 (12 bytes)
1765603978.102742 sending message 112 to peer 0x5cf91444f400 (12 bytes)
1765603978.102745 sending message 112 to peer 0x5cf91444f400 (12 bytes)
1765603978.102748 sending message 112 to peer 0x5cf91444f400 (13 bytes)
1765603978.102751 sending message 112 to peer 0x5cf91444f400 (13 bytes)
1765603978.102754 sending message 112 to peer 0x5cf91444f400 (13 bytes)
1765603978.102757 sending message 112 to peer 0x5cf91444f400 (13 bytes)
1765603978.102760 sending message 112 to peer 0x5cf91444f400 (13 bytes)
1765603978.102763 sending message 112 to peer 0x5cf91444f400 (13 bytes)
1765603978.102766 sending message 112 to peer 0x5cf91444f400 (13 bytes)
1765603978.102769 sending message 112 to peer 0x5cf91444f400 (10 bytes)
1765603978.102772 sending message 112 to peer 0x5cf91444f400 (13 bytes)
1765603978.102775 sending message 112 to peer 0x5cf91444f400 (12 bytes)
1765603978.102778 sending message 112 to peer 0x5cf91444f400 (12 bytes)
1765603978.102781 sending message 112 to peer 0x5cf91444f400 (12 bytes)
1765603978.102783 sending message 112 to peer 0x5cf91444f400 (10 bytes)
1765603978.102786 sending message 112 to peer 0x5cf91444f400 (10 bytes)
1765603978.102789 sending message 112 to peer 0x5cf91444f400 (10 bytes)
1765603978.102792 sending message 112 to peer 0x5cf91444f400 (12 bytes)
1765603978.102795 sending message 112 to peer 0x5cf91444f400 (13 bytes)
1765603978.102798 sending message 112 to peer 0x5cf91444f400 (13 bytes)
1765603978.102801 sending message 112 to peer 0x5cf91444f400 (13 bytes)
1765603978.102804 sending message 112 to peer 0x5cf91444f400 (13 bytes)
1765603978.102807 sending message 112 to peer 0x5cf91444f400 (13 bytes)
1765603978.102810 sending message 112 to peer 0x5cf91444f400 (10 bytes)
1765603978.102813 sending message 112 to peer 0x5cf91444f400 (11 bytes)
1765603978.102816 sending message 112 to peer 0x5cf91444f400 (12 bytes)
1765603978.102819 sending message 112 to peer 0x5cf91444f400 (12 bytes)
1765603978.102822 sending message 112 to peer 0x5cf91444f400 (12 bytes)
1765603978.102825 sending message 112 to peer 0x5cf91444f400 (12 bytes)
1765603978.102828 sending message 112 to peer 0x5cf91444f400 (12 bytes)
1765603978.102831 sending message 112 to peer 0x5cf91444f400 (11 bytes)
1765603978.102834 sending message 112 to peer 0x5cf91444f400 (12 bytes)
1765603978.102837 sending message 112 to peer 0x5cf91444f400 (12 bytes)
1765603978.102840 sending message 112 to peer 0x5cf91444f400 (13 bytes)
1765603978.102843 sending message 112 to peer 0x5cf91444f400 (13 bytes)
1765603978.102846 sending message 112 to peer 0x5cf91444f400 (13 bytes)
1765603978.102849 sending message 112 to peer 0x5cf91444f400 (13 bytes)
1765603978.102852 sending message 112 to peer 0x5cf91444f400 (13 bytes)
1765603978.102855 sending message 112 to peer 0x5cf91444f400 (10 bytes)
1765603978.102858 sending message 112 to peer 0x5cf91444f400 (9 bytes)
1765603978.102861 sending message 112 to peer 0x5cf91444f400 (12 bytes)
1765603978.102864 sending message 112 to peer 0x5cf91444f400 (13 bytes)
1765603978.102867 sending message 112 to peer 0x5cf91444f400 (13 bytes)
1765603978.102879 sending message 112 to peer 0x5cf91444f400 (13 bytes)
1765603978.102883 sending message 112 to peer 0x5cf91444f400 (13 bytes)
1765603978.102886 sending message 112 to peer 0x5cf91444f400 (13 bytes)
1765603978.102889 sending message 112 to peer 0x5cf91444f400 (9 bytes)
1765603978.102892 sending message 112 to peer 0x5cf91444f400 (12 bytes)
1765603978.102895 sending message 112 to peer 0x5cf91444f400 (13 bytes)
1765603978.102898 sending message 112 to peer 0x5cf91444f400 (13 bytes)
1765603978.102901 sending message 112 to peer 0x5cf91444f400 (13 bytes)
1765603978.102904 sending message 112 to peer 0x5cf91444f400 (13 bytes)
1765603978.102907 sending message 112 to peer 0x5cf91444f400 (13 bytes)
1765603978.102910 sending message 112 to peer 0x5cf91444f400 (11 bytes)
1765603978.102913 sending message 112 to peer 0x5cf91444f400 (12 bytes)
1765603978.102916 sending message 112 to peer 0x5cf91444f400 (13 bytes)
1765603978.102919 sending message 112 to peer 0x5cf91444f400 (13 bytes)
1765603978.102922 sending message 112 to peer 0x5cf91444f400 (13 bytes)
1765603978.102924 sending message 112 to peer 0x5cf91444f400 (13 bytes)
1765603978.102928 sending message 112 to peer 0x5cf91444f400 (13 bytes)
1765603978.102931 sending message 112 to peer 0x5cf91444f400 (11 bytes)
1765603978.102934 sending message 112 to peer 0x5cf91444f400 (12 bytes)
1765603978.102937 sending message 112 to peer 0x5cf91444f400 (12 bytes)
1765603978.102940 sending message 112 to peer 0x5cf91444f400 (12 bytes)
1765603978.102943 sending message 112 to peer 0x5cf91444f400 (12 bytes)
1765603978.102946 sending message 112 to peer 0x5cf91444f400 (12 bytes)
1765603978.102949 sending message 112 to peer 0x5cf91444f400 (21 bytes)
1765603978.102952 sending message 112 to peer 0x5cf91444f400 (12 bytes)
1765603978.102956 sending message 112 to peer 0x5cf91444f400 (9 bytes)
1765603978.102959 sending message 112 to peer 0x5cf91444f400 (6 bytes)
1765603978.102962 sending message 112 to peer 0x5cf91444f400 (13 bytes)
1765603978.102965 sending message 112 to peer 0x5cf91444f400 (10 bytes)
1765603978.102969 sending message 112 to peer 0x5cf91444f400 (24 bytes)
1765603978.102972 sending message 112 to peer 0x5cf91444f400 (13 bytes)
1765603978.102975 sending message 112 to peer 0x5cf91444f400 (9 bytes)
1765603978.102978 sending message 112 to peer 0x5cf91444f400 (70 bytes)
1765603978.102981 sending message 112 to peer 0x5cf91444f400 (69 bytes)
1765603978.102984 sending message 112 to peer 0x5cf91444f400 (12 bytes)
1765603978.102987 sending message 112 to peer 0x5cf91444f400 (10 bytes)
1765603978.102991 sending message 112 to peer 0x5cf91444f400 (10 bytes)
1765603978.102994 sending message 112 to peer 0x5cf91444f400 (24 bytes)
1765603978.102997 sending message 112 to peer 0x5cf91444f400 (13 bytes)
1765603978.103000 sending message 112 to peer 0x5cf91444f400 (10 bytes)
1765603978.103003 sending message 112 to peer 0x5cf91444f400 (10 bytes)
1765603978.103007 sending message 112 to peer 0x5cf91444f400 (10 bytes)
1765603978.103010 sending message 112 to peer 0x5cf91444f400 (13 bytes)
1765603978.103013 sending message 112 to peer 0x5cf91444f400 (15 bytes)
1765603978.103016 sending message 112 to peer 0x5cf91444f400 (5 bytes)
1765603978.103020 sending message 104 to peer 0x5cf91444f400 (0 bytes)
1765603978.103024 sending message 110 to peer 0x5cf91444f400 (0 bytes)
1765603978.103028 sending message 107 to peer 0x5cf91444f400 (4 bytes)
1765603978.103031 sending message 105 to peer 0x5cf91444f400 (22 bytes)
1765603978.103035 sending message 105 to peer 0x5cf91444f400 (33 bytes)
1765603978.103038 sending message 105 to peer 0x5cf91444f400 (78 bytes)
1765603978.103041 sending message 105 to peer 0x5cf91444f400 (86 bytes)
1765603978.103045 sending message 105 to peer 0x5cf91444f400 (41 bytes)
1765603978.103048 sending message 105 to peer 0x5cf91444f400 (33 bytes)
1765603978.103051 sending message 105 to peer 0x5cf91444f400 (17 bytes)
1765603978.103054 sending message 105 to peer 0x5cf91444f400 (18 bytes)
1765603978.103057 sending message 105 to peer 0x5cf91444f400 (52 bytes)
1765603978.103064 sending message 105 to peer 0x5cf91444f400 (23 bytes)
1765603978.103067 sending message 105 to peer 0x5cf91444f400 (10 bytes)
1765603978.103071 sending message 105 to peer 0x5cf91444f400 (23 bytes)
1765603978.103074 sending message 105 to peer 0x5cf91444f400 (16 bytes)
1765603978.103077 sending message 105 to peer 0x5cf91444f400 (54 bytes)
1765603978.103080 sending message 105 to peer 0x5cf91444f400 (28 bytes)
1765603978.103084 sending message 105 to peer 0x5cf91444f400 (45 bytes)
1765603978.103087 sending message 105 to peer 0x5cf91444f400 (13 bytes)
1765603978.103091 sending message 105 to peer 0x5cf91444f400 (156 bytes)
1765603978.103094 sending message 105 to peer 0x5cf91444f400 (27 bytes)
1765603978.103098 sending message 105 to peer 0x5cf91444f400 (35 bytes)
1765603978.103101 sending message 105 to peer 0x5cf91444f400 (44 bytes)
1765603978.103104 sending message 105 to peer 0x5cf91444f400 (19 bytes)
1765603978.103107 sending message 105 to peer 0x5cf91444f400 (47 bytes)
1765603978.103110 sending message 105 to peer 0x5cf91444f400 (13 bytes)
1765603978.103113 sending message 105 to peer 0x5cf91444f400 (30 bytes)
1765603978.103117 sending message 105 to peer 0x5cf91444f400 (340 bytes)
1765603978.103120 sending message 105 to peer 0x5cf91444f400 (51 bytes)
1765603978.103123 sending message 105 to peer 0x5cf91444f400 (20 bytes)
1765603978.103127 sending message 105 to peer 0x5cf91444f400 (19 bytes)
1765603978.103130 sending message 105 to peer 0x5cf91444f400 (21 bytes)
1765603978.103133 sending message 105 to peer 0x5cf91444f400 (32 bytes)
1765603978.103136 sending message 105 to peer 0x5cf91444f400 (31 bytes)
1765603978.103139 sending message 105 to peer 0x5cf91444f400 (14 bytes)
1765603978.103142 sending message 105 to peer 0x5cf91444f400 (17 bytes)
1765603978.103145 sending message 105 to peer 0x5cf91444f400 (140 bytes)
1765603978.103148 sending message 105 to peer 0x5cf91444f400 (20 bytes)
1765603978.103151 sending message 105 to peer 0x5cf91444f400 (41 bytes)
1765603978.103155 sending message 105 to peer 0x5cf91444f400 (40 bytes)
1765603978.103158 sending message 105 to peer 0x5cf91444f400 (11 bytes)
1765603978.103161 sending message 105 to peer 0x5cf91444f400 (20 bytes)
1765603978.103164 sending message 105 to peer 0x5cf91444f400 (18 bytes)
1765603978.103167 sending message 105 to peer 0x5cf91444f400 (23 bytes)
1765603978.103171 sending message 105 to peer 0x5cf91444f400 (8 bytes)
1765603978.103174 sending message 105 to peer 0x5cf91444f400 (18 bytes)
1765603978.103177 sending message 105 to peer 0x5cf91444f400 (26 bytes)
1765603978.103180 sending message 105 to peer 0x5cf91444f400 (36 bytes)
1765603978.103183 sending message 105 to peer 0x5cf91444f400 (40 bytes)
1765603978.103186 sending message 105 to peer 0x5cf91444f400 (11 bytes)
1765603978.103189 sending message 105 to peer 0x5cf91444f400 (8 bytes)
1765603978.103192 sending message 105 to peer 0x5cf91444f400 (32 bytes)
1765603978.103196 sending message 105 to peer 0x5cf91444f400 (1817 bytes)
1765603978.103218 sending message 105 to peer 0x5cf91444f400 (28 bytes)
1765603978.103221 sending message 105 to peer 0x5cf91444f400 (21 bytes)
1765603978.103225 sending message 105 to peer 0x5cf91444f400 (24 bytes)
1765603978.103228 sending message 105 to peer 0x5cf91444f400 (42 bytes)
1765603978.103231 sending message 105 to peer 0x5cf91444f400 (43 bytes)
1765603978.103234 sending message 105 to peer 0x5cf91444f400 (7 bytes)
1765603978.103237 sending message 105 to peer 0x5cf91444f400 (11 bytes)
1765603978.103241 sending message 105 to peer 0x5cf91444f400 (50 bytes)
1765603978.103244 sending message 105 to peer 0x5cf91444f400 (34 bytes)
1765603978.103247 sending message 105 to peer 0x5cf91444f400 (14 bytes)
1765603978.103250 sending message 105 to peer 0x5cf91444f400 (35 bytes)
1765603978.103253 sending message 105 to peer 0x5cf91444f400 (23 bytes)
1765603978.103256 sending message 105 to peer 0x5cf91444f400 (30 bytes)
1765603978.103259 sending message 105 to peer 0x5cf91444f400 (50 bytes)
1765603978.103262 sending message 105 to peer 0x5cf91444f400 (24 bytes)
1765603978.103268 sending message 105 to peer 0x5cf91444f400 (16 bytes)
1765603978.103272 sending message 105 to peer 0x5cf91444f400 (51 bytes)
1765603978.103275 sending message 105 to peer 0x5cf91444f400 (60 bytes)
1765603978.103278 sending message 105 to peer 0x5cf91444f400 (16 bytes)
1765603978.103281 sending message 106 to peer 0x5cf91444f400 (0 bytes)
1765603978.103341 sending message 200 to peer 0x5cf91444f400 (4 bytes)
1765603978.103344 client loop enter
1765603978.103361 client_signal: Child exited
1765603978.166915 peer 0x5cf91444f400 message 207
1765603978.166924 sending message 208 to peer 0x5cf91444f400 (0 bytes)
1765603984.100698 peer 0x5cf91444f400 message 203
1765603984.100705 sending message 205 to peer 0x5cf91444f400 (0 bytes)
1765603984.100885 peer 0x5cf91444f400 message 204
1765603984.100888 client loop exit
